# JRE version: Java(TM) SE Runtime Environment (8.0_281-b09) (build 1.8.0_281-b09)
# Java VM: Java HotSpot(TM) 64-Bit Server VM (25.281-b09 mixed mode windows-amd64 compressed oops)
Heap:
 PSYoungGen      total 444416K, used 203099K [0x00000000d5c00000, 0x00000000f2d00000, 0x0000000100000000)
  eden space 438272K, 46% used [0x00000000d5c00000,0x00000000e2216f98,0x00000000f0800000)
  from space 6144K, 4% used [0x00000000f2700000,0x00000000f2740000,0x00000000f2d00000)
  to   space 18944K, 0% used [0x00000000f0800000,0x00000000f0800000,0x00000000f1a80000)
 ParOldGen       total 91648K, used 25501K [0x0000000081400000, 0x0000000086d80000, 0x00000000d5c00000)
  object space 91648K, 27% used [0x0000000081400000,0x0000000082ce76e8,0x0000000086d80000)
 Metaspace       used 64905K, capacity 68988K, committed 69248K, reserved 1110016K
  class space    used 8351K, capacity 8993K, committed 9088K, reserved 1048576K
GC Heap History (10 events):
Event: 15.607 GC heap before
{Heap before GC invocations=11 (full 2):
 PSYoungGen      total 245248K, used 234496K [0x00000000d5c00000, 0x00000000e5b80000, 0x0000000100000000)
  eden space 234496K, 100% used [0x00000000d5c00000,0x00000000e4100000,0x00000000e4100000)
  from space 10752K, 0% used [0x00000000e5100000,0x00000000e5100000,0x00000000e5b80000)
  to   space 12800K, 0% used [0x00000000e4280000,0x00000000e4280000,0x00000000e4f00000)
 ParOldGen       total 70656K, used 16011K [0x0000000081400000, 0x0000000085900000, 0x00000000d5c00000)
  object space 70656K, 22% used [0x0000000081400000,0x00000000823a2d70,0x0000000085900000)
 Metaspace       used 55681K, capacity 59124K, committed 59392K, reserved 1099776K
  class space    used 7529K, capacity 8099K, committed 8192K, reserved 1048576K
Event: 15.662 GC heap after
Heap after GC invocations=11 (full 2):
 PSYoungGen      total 248832K, used 12782K [0x00000000d5c00000, 0x00000000ec580000, 0x0000000100000000)
  eden space 236032K, 0% used [0x00000000d5c00000,0x00000000d5c00000,0x00000000e4280000)
  from space 12800K, 99% used [0x00000000e4280000,0x00000000e4efbb00,0x00000000e4f00000)
  to   space 19456K, 0% used [0x00000000eb280000,0x00000000eb280000,0x00000000ec580000)
 ParOldGen       total 70656K, used 28337K [0x0000000081400000, 0x0000000085900000, 0x00000000d5c00000)
  object space 70656K, 40% used [0x0000000081400000,0x0000000082fac460,0x0000000085900000)
 Metaspace       used 55681K, capacity 59124K, committed 59392K, reserved 1099776K
  class space    used 7529K, capacity 8099K, committed 8192K, reserved 1048576K
}
Event: 15.891 GC heap before
{Heap before GC invocations=12 (full 2):
 PSYoungGen      total 248832K, used 21650K [0x00000000d5c00000, 0x00000000ec580000, 0x0000000100000000)
  eden space 236032K, 3% used [0x00000000d5c00000,0x00000000d64a8d50,0x00000000e4280000)
  from space 12800K, 99% used [0x00000000e4280000,0x00000000e4efbb00,0x00000000e4f00000)
  to   space 19456K, 0% used [0x00000000eb280000,0x00000000eb280000,0x00000000ec580000)
 ParOldGen       total 70656K, used 28337K [0x0000000081400000, 0x0000000085900000, 0x00000000d5c00000)
  object space 70656K, 40% used [0x0000000081400000,0x0000000082fac460,0x0000000085900000)
 Metaspace       used 56475K, capacity 60026K, committed 60080K, reserved 1101824K
  class space    used 7622K, capacity 8188K, committed 8192K, reserved 1048576K
Event: 15.912 GC heap after
Heap after GC invocations=12 (full 2):
 PSYoungGen      total 351744K, used 10073K [0x00000000d5c00000, 0x00000000ecb80000, 0x0000000100000000)
  eden space 332288K, 0% used [0x00000000d5c00000,0x00000000d5c00000,0x00000000ea080000)
  from space 19456K, 51% used [0x00000000eb280000,0x00000000ebc56760,0x00000000ec580000)
  to   space 18432K, 0% used [0x00000000ea080000,0x00000000ea080000,0x00000000eb280000)
 ParOldGen       total 70656K, used 28345K [0x0000000081400000, 0x0000000085900000, 0x00000000d5c00000)
  object space 70656K, 40% used [0x0000000081400000,0x0000000082fae460,0x0000000085900000)
 Metaspace       used 56475K, capacity 60026K, committed 60080K, reserved 1101824K
  class space    used 7622K, capacity 8188K, committed 8192K, reserved 1048576K
}
Event: 15.912 GC heap before
{Heap before GC invocations=13 (full 3):
 PSYoungGen      total 351744K, used 10073K [0x00000000d5c00000, 0x00000000ecb80000, 0x0000000100000000)
  eden space 332288K, 0% used [0x00000000d5c00000,0x00000000d5c00000,0x00000000ea080000)
  from space 19456K, 51% used [0x00000000eb280000,0x00000000ebc56760,0x00000000ec580000)
  to   space 18432K, 0% used [0x00000000ea080000,0x00000000ea080000,0x00000000eb280000)
 ParOldGen       total 70656K, used 28345K [0x0000000081400000, 0x0000000085900000, 0x00000000d5c00000)
  object space 70656K, 40% used [0x0000000081400000,0x0000000082fae460,0x0000000085900000)
 Metaspace       used 56475K, capacity 60026K, committed 60080K, reserved 1101824K
  class space    used 7622K, capacity 8188K, committed 8192K, reserved 1048576K
Event: 16.198 GC heap after
Heap after GC invocations=13 (full 3):
 PSYoungGen      total 351744K, used 0K [0x00000000d5c00000, 0x00000000ecb80000, 0x0000000100000000)
  eden space 332288K, 0% used [0x00000000d5c00000,0x00000000d5c00000,0x00000000ea080000)
  from space 19456K, 0% used [0x00000000eb280000,0x00000000eb280000,0x00000000ec580000)
  to   space 18432K, 0% used [0x00000000ea080000,0x00000000ea080000,0x00000000eb280000)
 ParOldGen       total 91648K, used 22476K [0x0000000081400000, 0x0000000086d80000, 0x00000000d5c00000)
  object space 91648K, 24% used [0x0000000081400000,0x00000000829f3100,0x0000000086d80000)
 Metaspace       used 56475K, capacity 60026K, committed 60080K, reserved 1101824K
  class space    used 7622K, capacity 8188K, committed 8192K, reserved 1048576K
}
Event: 25.694 GC heap before
{Heap before GC invocations=14 (full 3):
 PSYoungGen      total 351744K, used 332288K [0x00000000d5c00000, 0x00000000ecb80000, 0x0000000100000000)
  eden space 332288K, 100% used [0x00000000d5c00000,0x00000000ea080000,0x00000000ea080000)
  from space 19456K, 0% used [0x00000000eb280000,0x00000000eb280000,0x00000000ec580000)
  to   space 18432K, 0% used [0x00000000ea080000,0x00000000ea080000,0x00000000eb280000)
 ParOldGen       total 91648K, used 22476K [0x0000000081400000, 0x0000000086d80000, 0x00000000d5c00000)
  object space 91648K, 24% used [0x0000000081400000,0x00000000829f3100,0x0000000086d80000)
 Metaspace       used 63808K, capacity 67940K, committed 68224K, reserved 1107968K
  class space    used 8346K, capacity 8993K, committed 9088K, reserved 1048576K
Event: 25.716 GC heap after
Heap after GC invocations=14 (full 3):
 PSYoungGen      total 350720K, used 6841K [0x00000000d5c00000, 0x00000000f3880000, 0x0000000100000000)
  eden space 332288K, 0% used [0x00000000d5c00000,0x00000000d5c00000,0x00000000ea080000)
  from space 18432K, 37% used [0x00000000ea080000,0x00000000ea72e680,0x00000000eb280000)
  to   space 17920K, 0% used [0x00000000f2700000,0x00000000f2700000,0x00000000f3880000)
 ParOldGen       total 91648K, used 22484K [0x0000000081400000, 0x0000000086d80000, 0x00000000d5c00000)
  object space 91648K, 24% used [0x0000000081400000,0x00000000829f5100,0x0000000086d80000)
 Metaspace       used 63808K, capacity 67940K, committed 68224K, reserved 1107968K
  class space    used 8346K, capacity 8993K, committed 9088K, reserved 1048576K
}
Event: 88.006 GC heap before
{Heap before GC invocations=15 (full 3):
 PSYoungGen      total 350720K, used 339129K [0x00000000d5c00000, 0x00000000f3880000, 0x0000000100000000)
  eden space 332288K, 100% used [0x00000000d5c00000,0x00000000ea080000,0x00000000ea080000)
  from space 18432K, 37% used [0x00000000ea080000,0x00000000ea72e680,0x00000000eb280000)
  to   space 17920K, 0% used [0x00000000f2700000,0x00000000f2700000,0x00000000f3880000)
 ParOldGen       total 91648K, used 22484K [0x0000000081400000, 0x0000000086d80000, 0x00000000d5c00000)
  object space 91648K, 24% used [0x0000000081400000,0x00000000829f5100,0x0000000086d80000)
 Metaspace       used 64882K, capacity 68988K, committed 69248K, reserved 1110016K
  class space    used 8350K, capacity 8993K, committed 9088K, reserved 1048576K
Event: 88.019 GC heap after
Heap after GC invocations=15 (full 3):
 PSYoungGen      total 444416K, used 256K [0x00000000d5c00000, 0x00000000f2d00000, 0x0000000100000000)
  eden space 438272K, 0% used [0x00000000d5c00000,0x00000000d5c00000,0x00000000f0800000)
  from space 6144K, 4% used [0x00000000f2700000,0x00000000f2740000,0x00000000f2d00000)
  to   space 18944K, 0% used [0x00000000f0800000,0x00000000f0800000,0x00000000f1a80000)
 ParOldGen       total 91648K, used 25501K [0x0000000081400000, 0x0000000086d80000, 0x00000000d5c00000)
  object space 91648K, 27% used [0x0000000081400000,0x0000000082ce76e8,0x0000000086d80000)
 Metaspace       used 64882K, capacity 68988K, committed 69248K, reserved 1110016K
  class space    used 8350K, capacity 8993K, committed 9088K, reserved 1048576K
}

